Build started 11/29/2012 2:31:18 PM.
     1>Project "C:\Users\gagandeep\Documents\471\Jewels\Jewels\Jewels.vcxproj" on node 2 (build target(s)).
     1>InitializeBuildStatus:
         Creating "Debug\Jewels.unsuccessfulbuild" because "AlwaysCreate" was specified.
       ClCompile:
         c:\Program Files (x86)\Microsoft Visual Studio 10.0\VC\bin\CL.exe /c /ZI /nologo /W3 /WX- /Od /Oy- /D WIN32 /D _DEBUG /D _CONSOLE /D _UNICODE /D UNICODE /Gm /EHsc /RTC1 /MDd /GS /fp:precise /Zc:wchar_t /Zc:forScope /Fo"Debug\\" /Fd"Debug\vc100.pdb" /Gd /TP /analyze- /errorReport:prompt Scene.cpp
         Scene.cpp
     1>c:\users\gagandeep\documents\471\jewels\jewels\scene.cpp(342): warning C4101: 'j' : unreferenced local variable
       ManifestResourceCompile:
         All outputs are up-to-date.
       Link:
         c:\Program Files (x86)\Microsoft Visual Studio 10.0\VC\bin\link.exe /ERRORREPORT:PROMPT /OUT:"C:\Users\gagandeep\Documents\471\Jewels\Debug\Jewels.exe" /INCREMENTAL /NOLOGO kernel32.lib user32.lib gdi32.lib winspool.lib comdlg32.lib advapi32.lib shell32.lib ole32.lib oleaut32.lib uuid.lib odbc32.lib odbccp32.lib /MANIFEST /ManifestFile:"Debug\Jewels.exe.intermediate.manifest" /MANIFESTUAC:"level='asInvoker' uiAccess='false'" /DEBUG /PDB:"C:\Users\gagandeep\Documents\471\Jewels\Debug\Jewels.pdb" /SUBSYSTEM:CONSOLE /TLBID:1 /DYNAMICBASE /NXCOMPAT /IMPLIB:"C:\Users\gagandeep\Documents\471\Jewels\Debug\Jewels.lib" /MACHINE:X86 Debug\Jewels.exe.embed.manifest.res
         Debug\ConsoleView.obj
         Debug\Dir.obj
         Debug\JewelsController.obj
         Debug\JewelsModel.obj
         Debug\JewelsMain.obj
         Debug\Scene.obj
         Debug\Utility.obj
       Manifest:
         C:\Program Files (x86)\Microsoft SDKs\Windows\v7.0A\bin\mt.exe /nologo /verbose /out:"Debug\Jewels.exe.embed.manifest" /manifest Debug\Jewels.exe.intermediate.manifest
         All outputs are up-to-date.
       LinkEmbedManifest:
         All outputs are up-to-date.
         Jewels.vcxproj -> C:\Users\gagandeep\Documents\471\Jewels\Debug\Jewels.exe
       FinalizeBuildStatus:
         Deleting file "Debug\Jewels.unsuccessfulbuild".
         Touching "Debug\Jewels.lastbuildstate".
     1>Done Building Project "C:\Users\gagandeep\Documents\471\Jewels\Jewels\Jewels.vcxproj" (build target(s)).

Build succeeded.

Time Elapsed 00:00:02.42
